Starting summary...
report/
out/filtered-gwasp4-genotype.tbl
out/filtered-gwasp4-genotype-NUM.tbl
out/filtered-gwasp4-phenotype.tbl
SLCL|CTG3354_54923
2report/
out/filtered-gwasp4-genotype.tbl
out/filtered-gwasp4-genotype-NUM.tbl
out/filtered-gwasp4-phenotype.tbl
SLCL|CTG4069_18849
2report/
out/filtered-gwasp4-genotype.tbl
out/filtered-gwasp4-genotype-NUM.tbl
out/filtered-gwasp4-phenotype.tbl
SLCL|CTG1621_85247
2report/
out/filtered-gwasp4-genotype.tbl
out/filtered-gwasp4-genotype-NUM.tbl
out/filtered-gwasp4-phenotype.tbl
SLCL|CTG1621_113983
2report/
out/filtered-gwasp4-genotype.tbl
out/filtered-gwasp4-genotype-NUM.tbl
out/filtered-gwasp4-phenotype.tbl
SLCL|CTG2118_36725
2report/
out/filtered-gwasp4-genotype.tbl
out/filtered-gwasp4-genotype-NUM.tbl
out/filtered-gwasp4-phenotype.tbl
SLCL|CTG3684_19407
2report/
out/filtered-gwasp4-genotype.tbl
out/filtered-gwasp4-genotype-NUM.tbl
out/filtered-gwasp4-phenotype.tbl
SLCL|CTG6055_18635
2report/
out/filtered-gwasp4-genotype.tbl
out/filtered-gwasp4-genotype-NUM.tbl
out/filtered-gwasp4-phenotype.tbl
SLCL|CTG6829_10609
2report/
out/filtered-gwasp4-genotype.tbl
out/filtered-gwasp4-genotype-NUM.tbl
out/filtered-gwasp4-phenotype.tbl
SLCL|CTG2976_29512
2
    >>>> Heatmap for snp: SLCL|CTG3354_54923
    >>>> Heatmap for snp: SLCL|CTG4069_18849
    >>>> Heatmap for snp: SLCL|CTG1621_85247
    >>>> Heatmap for snp: SLCL|CTG1621_113983
    >>>> Heatmap for snp: SLCL|CTG2118_36725
    >>>> Heatmap for snp: SLCL|CTG3684_19407
    >>>> Heatmap for snp: SLCL|CTG6055_18635
    >>>> Heatmap for snp: SLCL|CTG6829_10609
    >>>> Heatmap for snp: SLCL|CTG2976_29512
