/home/lg/agrosavia/dev/multiGWAS-dev/tools/lib/trove-3.0.3.jar:/home/lg/agrosavia/dev/multiGWAS-dev/tools/lib/guava-22.0.jar:/home/lg/agrosavia/dev/multiGWAS-dev/tools/lib/forester-1.038.jar:/home/lg/agrosavia/dev/multiGWAS-dev/tools/lib/htsjdk-2.19.0.jar:/home/lg/agrosavia/dev/multiGWAS-dev/tools/lib/sTASSEL.jar:/home/lg/agrosavia/dev/multiGWAS-dev/tools/lib/itextpdf-5.1.0.jar:/home/lg/agrosavia/dev/multiGWAS-dev/tools/lib/fastutil-8.2.2.jar:/home/lg/agrosavia/dev/multiGWAS-dev/tools/lib/snappy-java-1.1.1.6.jar:/home/lg/agrosavia/dev/multiGWAS-dev/tools/lib/jhdf5-14.12.5.jar:/home/lg/agrosavia/dev/multiGWAS-dev/tools/lib/json-simple-1.1.1.jar:/home/lg/agrosavia/dev/multiGWAS-dev/tools/lib/mail-1.4.jar:/home/lg/agrosavia/dev/multiGWAS-dev/tools/lib/kotlin-stdlib-1.3.50.jar:/home/lg/agrosavia/dev/multiGWAS-dev/tools/lib/jfreesvg-3.2.jar:/home/lg/agrosavia/dev/multiGWAS-dev/tools/lib/scala-library-2.10.1.jar:/home/lg/agrosavia/dev/multiGWAS-dev/tools/lib/biojava-phylo-4.0.0.jar:/home/lg/agrosavia/dev/multiGWAS-dev/tools/lib/kotlinx-coroutines-core-1.3.0.jar:/home/lg/agrosavia/dev/multiGWAS-dev/tools/lib/phg.jar:/home/lg/agrosavia/dev/multiGWAS-dev/tools/lib/ejml-0.23.jar:/home/lg/agrosavia/dev/multiGWAS-dev/tools/lib/jcommon-1.0.23.jar:/home/lg/agrosavia/dev/multiGWAS-dev/tools/lib/gs-ui-1.3.jar:/home/lg/agrosavia/dev/multiGWAS-dev/tools/lib/slf4j-api-1.7.10.jar:/home/lg/agrosavia/dev/multiGWAS-dev/tools/lib/jfreechart-1.0.19.jar:/home/lg/agrosavia/dev/multiGWAS-dev/tools/lib/commons-math3-3.4.1.jar:/home/lg/agrosavia/dev/multiGWAS-dev/tools/lib/commons-codec-1.10.jar:/home/lg/agrosavia/dev/multiGWAS-dev/tools/lib/sqlite-jdbc-3.8.5-pre1.jar:/home/lg/agrosavia/dev/multiGWAS-dev/tools/lib/ahocorasick-0.2.4.jar:/home/lg/agrosavia/dev/multiGWAS-dev/tools/lib/gs-core-1.3.jar:/home/lg/agrosavia/dev/multiGWAS-dev/tools/lib/postgresql-9.4-1201.jdbc41.jar:/home/lg/agrosavia/dev/multiGWAS-dev/tools/lib/biojava-core-4.0.0.jar:/home/lg/agrosavia/dev/multiGWAS-dev/tools/lib/javax.json-1.0.4.jar:/home/lg/agrosavia/dev/multiGWAS-dev/tools/lib/biojava-alignment-4.0.0.jar:/home/lg/agrosavia/dev/multiGWAS-dev/tools/lib/colt-1.2.0.jar:/home/lg/agrosavia/dev/multiGWAS-dev/tools/lib/junit-4.10.jar:/home/lg/agrosavia/dev/multiGWAS-dev/tools/lib/log4j-1.2.13.jar:/home/lg/agrosavia/dev/multiGWAS-dev/tools/lib/slf4j-simple-1.7.10.jar:/home/lg/agrosavia/dev/multiGWAS-dev/tools/sTASSEL.jar
Memory Settings: -Xms512m -Xmx1536m
Tassel Pipeline Arguments: -fork1 -vcf out/filtered-tassel-genotype.vcf -fork2 -r out/filtered-tassel-phenotype.tbl -fork3 -vcf out/filtered-tassel-genotype.vcf -PrincipalComponentsPlugin -covariance -reportEigenvalues false -reportEigenvectors false -endPlugin -combine4 -input1 -input2 -input3 -intersect -fork5 -vcf out/filtered-tassel-genotype.vcf -KinshipPlugin -method Centered_IBS -endPlugin -combine6 -input4 -input5 -mlm -mlmVarCompEst P3D -mlmOutputFile out/tool-TASSEL-scores-Full
[main] INFO net.maizegenetics.tassel.TasselLogging - Tassel Version: 5.2.57  Date: October 10, 2019
[main] INFO net.maizegenetics.tassel.TasselLogging - Max Available Memory Reported by JVM: 1536 MB
[main] INFO net.maizegenetics.tassel.TasselLogging - Java Version: 14.0.1
[main] INFO net.maizegenetics.tassel.TasselLogging - OS: Linux
[main] INFO net.maizegenetics.tassel.TasselLogging - Number of Processors: 4
[main] INFO net.maizegenetics.pipeline.TasselPipeline - Tassel Pipeline Arguments: [-fork1, -vcf, out/filtered-tassel-genotype.vcf, -fork2, -r, out/filtered-tassel-phenotype.tbl, -fork3, -vcf, out/filtered-tassel-genotype.vcf, -PrincipalComponentsPlugin, -covariance, -reportEigenvalues, false, -reportEigenvectors, false, -endPlugin, -combine4, -input1, -input2, -input3, -intersect, -fork5, -vcf, out/filtered-tassel-genotype.vcf, -KinshipPlugin, -method, Centered_IBS, -endPlugin, -combine6, -input4, -input5, -mlm, -mlmVarCompEst, P3D, -mlmOutputFile, out/tool-TASSEL-scores-Full]
[pool-1-thread-1] INFO net.maizegenetics.plugindef.AbstractPlugin - Starting net.maizegenetics.analysis.data.FileLoadPlugin: time: May 14, 2020 18:05:1
[pool-1-thread-1] INFO net.maizegenetics.plugindef.AbstractPlugin - 
FileLoadPlugin Parameters
format: VCF
sortPositions: false
keepDepth: true

[pool-1-thread-1] INFO net.maizegenetics.analysis.data.FileLoadPlugin - Start Loading File: out/filtered-tassel-genotype.vcf time: May 14, 2020 18:05:1
[pool-1-thread-2] INFO net.maizegenetics.plugindef.AbstractPlugin - Starting net.maizegenetics.analysis.data.FileLoadPlugin: time: May 14, 2020 18:05:1
[pool-1-thread-2] INFO net.maizegenetics.plugindef.AbstractPlugin - 
FileLoadPlugin Parameters
format: Phenotype
sortPositions: false
keepDepth: true

[pool-1-thread-2] INFO net.maizegenetics.analysis.data.FileLoadPlugin - Start Loading File: out/filtered-tassel-phenotype.tbl time: May 14, 2020 18:05:1
[pool-1-thread-2] INFO net.maizegenetics.analysis.data.FileLoadPlugin - Finished Loading File: out/filtered-tassel-phenotype.tbl time: May 14, 2020 18:05:1
[pool-1-thread-2] INFO net.maizegenetics.plugindef.AbstractPlugin - Finished net.maizegenetics.analysis.data.FileLoadPlugin: time: May 14, 2020 18:05:1
[pool-1-thread-2] INFO net.maizegenetics.pipeline.TasselPipeline - net.maizegenetics.analysis.data.FileLoadPlugin: time: May 14, 2020 18:05:1: progress: 100%
[pool-1-thread-2] INFO net.maizegenetics.plugindef.AbstractPlugin - net.maizegenetics.analysis.data.FileLoadPlugin  Citation: Bradbury PJ, Zhang Z, Kroon DE, Casstevens TM, Ramdoss Y, Buckler ES. (2007) TASSEL: Software for association mapping of complex traits in diverse samples. Bioinformatics 23:2633-2635.
[Thread-5] INFO net.maizegenetics.plugindef.AbstractPlugin - net.maizegenetics.analysis.data.CombineDataSetsPlugin  Citation: Bradbury PJ, Zhang Z, Kroon DE, Casstevens TM, Ramdoss Y, Buckler ES. (2007) TASSEL: Software for association mapping of complex traits in diverse samples. Bioinformatics 23:2633-2635.
[pool-1-thread-2] INFO net.maizegenetics.plugindef.AbstractPlugin - Starting net.maizegenetics.analysis.data.FileLoadPlugin: time: May 14, 2020 18:05:1
[pool-1-thread-2] INFO net.maizegenetics.plugindef.AbstractPlugin - 
FileLoadPlugin Parameters
format: VCF
sortPositions: false
keepDepth: true

[pool-1-thread-2] INFO net.maizegenetics.analysis.data.FileLoadPlugin - Start Loading File: out/filtered-tassel-genotype.vcf time: May 14, 2020 18:05:1
[pool-1-thread-1] INFO net.maizegenetics.pipeline.TasselPipeline - net.maizegenetics.analysis.data.FileLoadPlugin: time: May 14, 2020 18:05:2: progress: 100%
[pool-1-thread-2] INFO net.maizegenetics.pipeline.TasselPipeline - net.maizegenetics.analysis.data.FileLoadPlugin: time: May 14, 2020 18:05:2: progress: 100%
BuilderFromVCF data timing 1.33202s 
[pool-1-thread-1] INFO net.maizegenetics.analysis.data.FileLoadPlugin - Finished Loading File: out/filtered-tassel-genotype.vcf time: May 14, 2020 18:05:3
Genotype Table Name: filtered-tassel-genotype
Number of Taxa: 100
Number of Sites: 1779
Sites x Taxa: 177900
Chromosomes...
0: start site: 0 (1252430) last site: 26 (36454137) total: 27
1: start site: 27 (535454) last site: 233 (88583876) total: 207
2: start site: 234 (5552574) last site: 399 (48564909) total: 166
3: start site: 400 (366332) last site: 561 (61796934) total: 162
4: start site: 562 (117620) last site: 733 (72022392) total: 172
5: start site: 734 (65301) last site: 838 (51998374) total: 105
6: start site: 839 (195511) last site: 982 (59263222) total: 144
7: start site: 983 (565922) last site: 1153 (56628128) total: 171
8: start site: 1154 (285383) last site: 1294 (56785289) total: 141
9: start site: 1295 (137894) last site: 1465 (61466245) total: 171
10: start site: 1466 (139451) last site: 1552 (59663750) total: 87
11: start site: 1553 (616220) last site: 1666 (45208284) total: 114
12: start site: 1667 (239176) last site: 1778 (61141829) total: 112

[pool-1-thread-1] INFO net.maizegenetics.plugindef.AbstractPlugin - Finished net.maizegenetics.analysis.data.FileLoadPlugin: time: May 14, 2020 18:05:3
[pool-1-thread-1] INFO net.maizegenetics.pipeline.TasselPipeline - net.maizegenetics.analysis.data.FileLoadPlugin: time: May 14, 2020 18:05:3: progress: 100%
[pool-1-thread-1] INFO net.maizegenetics.plugindef.AbstractPlugin - Starting net.maizegenetics.analysis.data.FileLoadPlugin: time: May 14, 2020 18:05:3
[pool-1-thread-1] INFO net.maizegenetics.plugindef.AbstractPlugin - 
FileLoadPlugin Parameters
format: VCF
sortPositions: false
keepDepth: true

[pool-1-thread-1] INFO net.maizegenetics.analysis.data.FileLoadPlugin - Start Loading File: out/filtered-tassel-genotype.vcf time: May 14, 2020 18:05:3
BuilderFromVCF data timing 1.17758s 
[pool-1-thread-2] INFO net.maizegenetics.analysis.data.FileLoadPlugin - Finished Loading File: out/filtered-tassel-genotype.vcf time: May 14, 2020 18:05:3
Genotype Table Name: filtered-tassel-genotype
Number of Taxa: 100
Number of Sites: 1779
Sites x Taxa: 177900
Chromosomes...
0: start site: 0 (1252430) last site: 26 (36454137) total: 27
1: start site: 27 (535454) last site: 233 (88583876) total: 207
2: start site: 234 (5552574) last site: 399 (48564909) total: 166
3: start site: 400 (366332) last site: 561 (61796934) total: 162
4: start site: 562 (117620) last site: 733 (72022392) total: 172
5: start site: 734 (65301) last site: 838 (51998374) total: 105
6: start site: 839 (195511) last site: 982 (59263222) total: 144
7: start site: 983 (565922) last site: 1153 (56628128) total: 171
8: start site: 1154 (285383) last site: 1294 (56785289) total: 141
9: start site: 1295 (137894) last site: 1465 (61466245) total: 171
10: start site: 1466 (139451) last site: 1552 (59663750) total: 87
11: start site: 1553 (616220) last site: 1666 (45208284) total: 114
12: start site: 1667 (239176) last site: 1778 (61141829) total: 112

[pool-1-thread-2] INFO net.maizegenetics.plugindef.AbstractPlugin - Finished net.maizegenetics.analysis.data.FileLoadPlugin: time: May 14, 2020 18:05:3
[pool-1-thread-2] INFO net.maizegenetics.plugindef.AbstractPlugin - Starting net.maizegenetics.analysis.data.PrincipalComponentsPlugin: time: May 14, 2020 18:05:3
[pool-1-thread-2] INFO net.maizegenetics.plugindef.AbstractPlugin - 
PrincipalComponentsPlugin Parameters
covariance: true
limitBy: number_of_components
ncomponents: 5
minEigenval: 0.0
totalVar: 0.5
reportEigenvalues: false
reportEigenvectors: false

[pool-1-thread-1] INFO net.maizegenetics.pipeline.TasselPipeline - net.maizegenetics.analysis.data.FileLoadPlugin: time: May 14, 2020 18:05:3: progress: 100%
BuilderFromVCF data timing 0.237936s 
[pool-1-thread-1] INFO net.maizegenetics.analysis.data.FileLoadPlugin - Finished Loading File: out/filtered-tassel-genotype.vcf time: May 14, 2020 18:05:3
Genotype Table Name: filtered-tassel-genotype
Number of Taxa: 100
Number of Sites: 1779
Sites x Taxa: 177900
Chromosomes...
0: start site: 0 (1252430) last site: 26 (36454137) total: 27
1: start site: 27 (535454) last site: 233 (88583876) total: 207
2: start site: 234 (5552574) last site: 399 (48564909) total: 166
3: start site: 400 (366332) last site: 561 (61796934) total: 162
4: start site: 562 (117620) last site: 733 (72022392) total: 172
5: start site: 734 (65301) last site: 838 (51998374) total: 105
6: start site: 839 (195511) last site: 982 (59263222) total: 144
7: start site: 983 (565922) last site: 1153 (56628128) total: 171
8: start site: 1154 (285383) last site: 1294 (56785289) total: 141
9: start site: 1295 (137894) last site: 1465 (61466245) total: 171
10: start site: 1466 (139451) last site: 1552 (59663750) total: 87
11: start site: 1553 (616220) last site: 1666 (45208284) total: 114
12: start site: 1667 (239176) last site: 1778 (61141829) total: 112

[pool-1-thread-1] INFO net.maizegenetics.plugindef.AbstractPlugin - Finished net.maizegenetics.analysis.data.FileLoadPlugin: time: May 14, 2020 18:05:3
[pool-1-thread-1] INFO net.maizegenetics.plugindef.AbstractPlugin - Starting net.maizegenetics.analysis.distance.KinshipPlugin: time: May 14, 2020 18:05:3
[pool-1-thread-1] INFO net.maizegenetics.plugindef.AbstractPlugin - 
KinshipPlugin Parameters
method: Centered_IBS
maxAlleles: 6
algorithmVariation: Observed_Allele_Freq

[pool-1-thread-1] INFO net.maizegenetics.analysis.distance.EndelmanDistanceMatrix - EndelmanDistanceMatrix: estimated time: 0 minutes
[ForkJoinPool.commonPool-worker-3] INFO net.maizegenetics.pipeline.TasselPipeline - net.maizegenetics.analysis.distance.KinshipPlugin: time: May 14, 2020 18:05:3: progress: 5%
[pool-1-thread-1] INFO net.maizegenetics.pipeline.TasselPipeline - net.maizegenetics.analysis.distance.KinshipPlugin: time: May 14, 2020 18:05:3: progress: 15%
[ForkJoinPool.commonPool-worker-3] INFO net.maizegenetics.pipeline.TasselPipeline - net.maizegenetics.analysis.distance.KinshipPlugin: time: May 14, 2020 18:05:3: progress: 21%
[pool-1-thread-1] INFO net.maizegenetics.pipeline.TasselPipeline - net.maizegenetics.analysis.distance.KinshipPlugin: time: May 14, 2020 18:05:3: progress: 31%
[ForkJoinPool.commonPool-worker-3] INFO net.maizegenetics.pipeline.TasselPipeline - net.maizegenetics.analysis.distance.KinshipPlugin: time: May 14, 2020 18:05:3: progress: 42%
[pool-1-thread-1] INFO net.maizegenetics.pipeline.TasselPipeline - net.maizegenetics.analysis.distance.KinshipPlugin: time: May 14, 2020 18:05:3: progress: 52%
[pool-1-thread-1] INFO net.maizegenetics.pipeline.TasselPipeline - net.maizegenetics.analysis.distance.KinshipPlugin: time: May 14, 2020 18:05:3: progress: 67%
[pool-1-thread-1] INFO net.maizegenetics.pipeline.TasselPipeline - net.maizegenetics.analysis.distance.KinshipPlugin: time: May 14, 2020 18:05:3: progress: 71%
[pool-1-thread-2] INFO net.maizegenetics.plugindef.AbstractPlugin - Starting net.maizegenetics.analysis.numericaltransform.ImputationPlugin: time: May 14, 2020 18:05:3
[ForkJoinPool.commonPool-worker-3] INFO net.maizegenetics.pipeline.TasselPipeline - net.maizegenetics.analysis.distance.KinshipPlugin: time: May 14, 2020 18:05:3: progress: 82%
[ForkJoinPool.commonPool-worker-3] INFO net.maizegenetics.pipeline.TasselPipeline - net.maizegenetics.analysis.distance.KinshipPlugin: time: May 14, 2020 18:05:3: progress: 93%
[pool-1-thread-2] INFO net.maizegenetics.plugindef.AbstractPlugin - 
ImputationPlugin Parameters
ByMean: true
nearestNeighbors: 5
distance: Euclidean

[pool-1-thread-1] INFO net.maizegenetics.analysis.distance.EndelmanDistanceMatrix - EndelmanDistanceMatrix: actual time: 0 minutes
[pool-1-thread-1] INFO net.maizegenetics.plugindef.AbstractPlugin - Finished net.maizegenetics.analysis.distance.KinshipPlugin: time: May 14, 2020 18:05:3
[pool-1-thread-1] INFO net.maizegenetics.pipeline.TasselPipeline - net.maizegenetics.analysis.distance.KinshipPlugin: time: May 14, 2020 18:05:3: progress: 100%
[pool-1-thread-1] INFO net.maizegenetics.pipeline.TasselPipeline - net.maizegenetics.analysis.data.FileLoadPlugin: time: May 14, 2020 18:05:3: progress: 100%
[pool-1-thread-2] INFO net.maizegenetics.plugindef.AbstractPlugin - Finished net.maizegenetics.analysis.numericaltransform.ImputationPlugin: time: May 14, 2020 18:05:4
[pool-1-thread-2] INFO net.maizegenetics.matrixalgebra.Matrix.DoubleMatrixFactory - TasselBlas library for system-specific BLAS/LAPACK not found. Using system-independent EJML for DoubleMatrix operations.
[pool-1-thread-2] INFO net.maizegenetics.plugindef.AbstractPlugin - Finished net.maizegenetics.analysis.data.PrincipalComponentsPlugin: time: May 14, 2020 18:05:4
[pool-1-thread-2] INFO net.maizegenetics.pipeline.TasselPipeline - net.maizegenetics.analysis.data.PrincipalComponentsPlugin: time: May 14, 2020 18:05:4: progress: 100%
[pool-1-thread-2] INFO net.maizegenetics.pipeline.TasselPipeline - net.maizegenetics.analysis.data.FileLoadPlugin: time: May 14, 2020 18:05:4: progress: 100%
[Thread-11] INFO net.maizegenetics.pipeline.TasselPipeline - net.maizegenetics.analysis.data.IntersectionAlignmentPlugin: time: May 14, 2020 18:05:5: progress: 100%
[Thread-13] INFO net.maizegenetics.plugindef.AbstractPlugin - Starting net.maizegenetics.analysis.association.WeightedMLMPlugin: time: May 14, 2020 18:05:5
[Thread-13] INFO net.maizegenetics.plugindef.AbstractPlugin - Starting net.maizegenetics.analysis.data.ExportPlugin: time: May 14, 2020 18:05:5
[Thread-13] INFO net.maizegenetics.plugindef.AbstractPlugin - 
ExportPlugin Parameters
saveAs: out/tool-TASSEL-scores-Full_Residuals for tuber_shape._residuals.txt
format: Phenotype
keepDepth: true
includeTaxaAnnotations: true

[Thread-13] INFO net.maizegenetics.analysis.data.ExportPlugin - performFunction: wrote dataset: Residuals for tuber_shape. to file: /home/lg/agrosavia/dev/multiGWAS-dev/examples/out-full/out/tool-TASSEL-scores-Full_Residuals for tuber_shape._residuals.txt
[Thread-13] INFO net.maizegenetics.plugindef.AbstractPlugin - Finished net.maizegenetics.analysis.data.ExportPlugin: time: May 14, 2020 18:05:5
[Thread-13] INFO net.maizegenetics.pipeline.TasselPipeline - net.maizegenetics.analysis.association.WeightedMLMPlugin: time: May 14, 2020 18:05:5: progress: 0%
[Thread-13] INFO net.maizegenetics.pipeline.TasselPipeline - net.maizegenetics.analysis.association.WeightedMLMPlugin: time: May 14, 2020 18:05:5: progress: 10%
[Thread-13] INFO net.maizegenetics.pipeline.TasselPipeline - net.maizegenetics.analysis.association.WeightedMLMPlugin: time: May 14, 2020 18:05:5: progress: 20%
[Thread-13] INFO net.maizegenetics.pipeline.TasselPipeline - net.maizegenetics.analysis.association.WeightedMLMPlugin: time: May 14, 2020 18:05:6: progress: 30%
[Thread-13] INFO net.maizegenetics.pipeline.TasselPipeline - net.maizegenetics.analysis.association.WeightedMLMPlugin: time: May 14, 2020 18:05:6: progress: 40%
[Thread-13] INFO net.maizegenetics.pipeline.TasselPipeline - net.maizegenetics.analysis.association.WeightedMLMPlugin: time: May 14, 2020 18:05:6: progress: 50%
[Thread-13] INFO net.maizegenetics.pipeline.TasselPipeline - net.maizegenetics.analysis.association.WeightedMLMPlugin: time: May 14, 2020 18:05:6: progress: 60%
[Thread-13] INFO net.maizegenetics.pipeline.TasselPipeline - net.maizegenetics.analysis.association.WeightedMLMPlugin: time: May 14, 2020 18:05:6: progress: 70%
[Thread-13] INFO net.maizegenetics.pipeline.TasselPipeline - net.maizegenetics.analysis.association.WeightedMLMPlugin: time: May 14, 2020 18:05:6: progress: 80%
[Thread-13] INFO net.maizegenetics.pipeline.TasselPipeline - net.maizegenetics.analysis.association.WeightedMLMPlugin: time: May 14, 2020 18:05:6: progress: 90%
[Thread-13] INFO net.maizegenetics.pipeline.TasselPipeline - net.maizegenetics.analysis.association.WeightedMLMPlugin: time: May 14, 2020 18:05:6: progress: 100%
[Thread-13] INFO net.maizegenetics.plugindef.AbstractPlugin - net.maizegenetics.analysis.association.WeightedMLMPlugin  Citation: Shang Xue, Zachary Miller, Janu Verma,  First Annual Tassel Hackathon
[Thread-13] INFO net.maizegenetics.plugindef.AbstractPlugin - Finished net.maizegenetics.analysis.association.WeightedMLMPlugin: time: May 14, 2020 18:05:6
