PLINK v1.90b6.12 64-bit (28 Oct 2019)
Options in effect:
  --file out/filtered-plink-genotype-kinship-plink
  --out out-PCs
  --pca 10

Hostname: agro
Working directory: /home/lg/agrosavia/dev/multiGWAS-dev/examples/out-full
Start time: Thu May 14 18:04:59 2020

Random number seed: 1589497499
7817 MB RAM detected; reserving 3908 MB for main workspace.
Scanning .ped file... done.
Performing single-pass .bed write (1779 variants, 82 people).
--file: out-PCs-temporary.bed + out-PCs-temporary.bim + out-PCs-temporary.fam
written.
1779 variants loaded from .bim file.
82 people (0 males, 0 females, 82 ambiguous) loaded from .fam.
Ambiguous sex IDs written to out-PCs.nosex .
Using up to 4 threads (change this with --threads).
Before main variant filters, 82 founders and 0 nonfounders present.
Calculating allele frequencies... done.
Total genotyping rate is 0.966259.
1779 variants and 82 people pass filters and QC.
Note: No phenotypes present.
Relationship matrix calculation complete.
--pca: Results saved to out-PCs.eigenval and out-PCs.eigenvec .

End time: Thu May 14 18:05:00 2020
