PLINK v1.90b6.12 64-bit (28 Oct 2019)
Options in effect:
  --adjust
  --all-pheno
  --allow-no-sex
  --covar out-PCs.eigenvec
  --file out/filtered-plink-genotype-kinship-plink
  --linear
  --out out/tool-PLINK-scores-Full
  --pheno out/filtered-plink-phenotype.tbl

Hostname: agro
Working directory: /home/lg/agrosavia/dev/multiGWAS-dev/examples/out-full
Start time: Thu May 14 18:05:00 2020

Random number seed: 1589497500
7817 MB RAM detected; reserving 3908 MB for main workspace.
Scanning .ped file... done.
Performing single-pass .bed write (1779 variants, 82 people).
--file: out/tool-PLINK-scores-Full-temporary.bed +
out/tool-PLINK-scores-Full-temporary.bim +
out/tool-PLINK-scores-Full-temporary.fam written.
1779 variants loaded from .bim file.
82 people (0 males, 0 females, 82 ambiguous) loaded from .fam.
Ambiguous sex IDs written to out/tool-PLINK-scores-Full.nosex .
82 phenotype values present after --pheno.
Using 1 thread (no multithreaded calculations invoked).
--covar: 10 covariates loaded.
Before main variant filters, 82 founders and 0 nonfounders present.
Calculating allele frequencies... done.
Total genotyping rate is 0.966259.
1779 variants and 82 people pass filters and QC.
Phenotype data is quantitative.
82 phenotype values present after --pheno.
Writing linear model association results to
out/tool-PLINK-scores-Full.TRAIT.assoc.linear ... done.
--adjust: Genomic inflation est. lambda (based on median chisq) = 1.25943.
--adjust values (1779 variants) written to
out/tool-PLINK-scores-Full.TRAIT.assoc.linear.adjusted .

End time: Thu May 14 18:05:00 2020
